<?xml version="1.0" encoding="UTF-8"?>
<!-- Generated by org.testng.reporters.JUnitXMLReporter -->
<testsuite hostname="Toshiba-PC" ignored="0" name="CreateAccounttest" tests="5" failures="1" timestamp="01 Jun 2020 20:11:34 GMT" time="42.047" errors="0">
  <testcase name="createAccountTest" time="26.918" classname="testcases.CreateAccountTest"/>
  <testcase name="createAccountTest" time="15.08" classname="testcases.CreateAccountTest"/>
  <testcase name="retryMechanism" time="0.018" classname="testcases.RetryTestCase">
    <skipped/>
  </testcase> <!-- retryMechanism -->
  <testcase name="retryMechanism" time="0.003" classname="testcases.RetryTestCase">
    <skipped/>
  </testcase> <!-- retryMechanism -->
  <testcase name="retryMechanism" time="0.031" classname="testcases.RetryTestCase">
    <failure type="java.lang.NullPointerException">
      <![CDATA[java.lang.NullPointerException
at listener.CustomListeners.onTestSkipped(CustomListeners.java:102)
... Removed 22 stack frames]]>
    </failure>
  </testcase> <!-- retryMechanism -->
</testsuite> <!-- CreateAccounttest -->
