<?xml version="1.0" encoding="UTF-8"?>
<!-- Generated by org.testng.reporters.JUnitXMLReporter -->
<testsuite hostname="Toshiba-PC" ignored="0" name="CreateAccounttest" tests="5" failures="1" timestamp="03 Jun 2020 07:55:25 GMT" time="27.347" errors="0">
  <testcase name="createAccountTest" time="13.51" classname="testcases.CreateAccountTest"/>
  <testcase name="createAccountTest" time="13.798" classname="testcases.CreateAccountTest"/>
  <testcase name="retryMechanism" time="0.009" classname="testcases.RetryTestCase">
    <skipped/>
  </testcase> <!-- retryMechanism -->
  <testcase name="retryMechanism" time="0.003" classname="testcases.RetryTestCase">
    <skipped/>
  </testcase> <!-- retryMechanism -->
  <testcase name="retryMechanism" time="0.022" classname="testcases.RetryTestCase">
    <failure type="java.lang.NullPointerException">
      <![CDATA[java.lang.NullPointerException
at listener.CustomListeners.onTestSkipped(CustomListeners.java:102)
... Removed 22 stack frames]]>
    </failure>
  </testcase> <!-- retryMechanism -->
</testsuite> <!-- CreateAccounttest -->
