<?xml version="1.0" encoding="UTF-8"?>
<!-- Generated by org.testng.reporters.JUnitXMLReporter -->
<testsuite hostname="Toshiba-PC" ignored="0" name="LoginTest" tests="1" failures="1" timestamp="31 Mar 2020 12:09:09 GMT" time="6.509" errors="0">
  <testcase name="doLogin" time="5.58" classname="testcases.Testcase1">
    <failure type="java.lang.AssertionError" message="null">
      <![CDATA[java.lang.AssertionError: nullat testcases.Testcase1.doLogin(Testcase1.java:20)... Removed 27 stack frames]]>
    </failure>
  </testcase> <!-- doLogin -->
</testsuite> <!-- LoginTest -->
