<?xml version="1.0" encoding="UTF-8"?>
<!-- Generated by org.testng.reporters.JUnitXMLReporter -->
<testsuite hostname="Toshiba-PC" ignored="0" name="Test" tests="1" failures="1" timestamp="31 Mar 2020 14:46:46 GMT" time="13.418" errors="0">
  <testcase name="doLogin" time="13.047" classname="testcases.Testcase1">
    <failure type="java.lang.AssertionError" message="null">
      <![CDATA[java.lang.AssertionError: null
at testcases.Testcase1.doLogin(Testcase1.java:28)
... Removed 27 stack frames]]>
    </failure>
  </testcase> <!-- doLogin -->
</testsuite> <!-- Test -->
